<?xml version="1.0" encoding="UTF-8"?>
<!-- Generated by org.testng.reporters.JUnitXMLReporter -->
<testsuite ignored="0" hostname="DESKTOP-DKDL5RH" failures="0" tests="4" name="Default test" time="16.522" errors="0" timestamp="2024-04-20T12:09:25 IST">
  <testcase classname="api.test.UserTests2" name="testPostUser" time="7.069"/>
  <testcase classname="api.test.UserTests2" name="testGetUserByName" time="1.445"/>
  <testcase classname="api.test.UserTests2" name="testUpdateUserByName" time="2.862"/>
  <testcase classname="api.test.UserTests2" name="testDeleteUserByName" time="1.48"/>
</testsuite> <!-- Default test -->
