<?xml version="1.0" encoding="UTF-8"?>
<!-- Generated by org.testng.reporters.JUnitXMLReporter -->
<testsuite ignored="0" hostname="DESKTOP-DKDL5RH" failures="0" tests="4" name="Test" time="14.277" errors="0" timestamp="2024-04-17T15:23:03 IST">
  <testcase classname="api.test.userTests" name="testPostUser" time="4.852"/>
  <testcase classname="api.test.userTests" name="testGEtUserByUsername" time="1.449"/>
  <testcase classname="api.test.userTests" name="testUpdateUserByUsername" time="2.945"/>
  <testcase classname="api.test.userTests" name="testDeleteUserByUsername" time="1.542"/>
</testsuite> <!-- Test -->
