<?xml version="1.0" encoding="UTF-8"?>
<!-- Generated by org.testng.reporters.JUnitXMLReporter -->
<testsuite ignored="0" hostname="DESKTOP-DKDL5RH" failures="0" tests="4" name="Test" time="14.625" errors="0" timestamp="2024-05-05T13:19:19 IST">
  <testcase classname="api.test.userTests" name="testPostUser" time="6.189"/>
  <testcase classname="api.test.userTests" name="testGEtUserByUsername" time="1.46"/>
  <testcase classname="api.test.userTests" name="testUpdateUserByUsername" time="2.88"/>
  <testcase classname="api.test.userTests" name="testDeleteUserByUsername" time="1.486"/>
</testsuite> <!-- Test -->
