<?xml version="1.0" encoding="UTF-8"?>
<testng-results ignored="0" total="4" passed="4" failed="0" skipped="0">
  <reporter-output>
  </reporter-output>
  <suite started-at="2024-05-05T13:19:03 IST" name="Suite" finished-at="2024-05-05T13:19:18 IST" duration-ms="14625">
    <groups>
    </groups>
    <test started-at="2024-05-05T13:19:03 IST" name="Test" finished-at="2024-05-05T13:19:18 IST" duration-ms="14625">
      <class name="api.test.userTests">
        <test-method is-config="true" signature="setupData()[pri:0, instance:api.test.userTests@2f7298b]" started-at="2024-05-05T13:19:04 IST" name="setupData" finished-at="2024-05-05T13:19:06 IST" duration-ms="1972" status="PASS">
          <reporter-output>
          </reporter-output>
        </test-method> <!-- setupData -->
        <test-method signature="testPostUser()[pri:1, instance:api.test.userTests@2f7298b]" started-at="2024-05-05T13:19:06 IST" name="testPostUser" finished-at="2024-05-05T13:19:12 IST" duration-ms="6189" status="PASS">
          <reporter-output>
          </reporter-output>
        </test-method> <!-- testPostUser -->
        <test-method signature="testGEtUserByUsername()[pri:2, instance:api.test.userTests@2f7298b]" started-at="2024-05-05T13:19:12 IST" name="testGEtUserByUsername" finished-at="2024-05-05T13:19:14 IST" duration-ms="1460" status="PASS">
          <reporter-output>
          </reporter-output>
        </test-method> <!-- testGEtUserByUsername -->
        <test-method signature="testUpdateUserByUsername()[pri:3, instance:api.test.userTests@2f7298b]" started-at="2024-05-05T13:19:14 IST" name="testUpdateUserByUsername" finished-at="2024-05-05T13:19:17 IST" duration-ms="2880" status="PASS">
          <reporter-output>
          </reporter-output>
        </test-method> <!-- testUpdateUserByUsername -->
        <test-method signature="testDeleteUserByUsername()[pri:4, instance:api.test.userTests@2f7298b]" started-at="2024-05-05T13:19:17 IST" name="testDeleteUserByUsername" finished-at="2024-05-05T13:19:18 IST" duration-ms="1486" status="PASS">
          <reporter-output>
          </reporter-output>
        </test-method> <!-- testDeleteUserByUsername -->
      </class> <!-- api.test.userTests -->
    </test> <!-- Test -->
  </suite> <!-- Suite -->
</testng-results>
